Error:2019/04/27 04:42:30 weAppLogin.go:28: invalid appid, hints: [ req_id: UBnBxQaLRa-AdKqnA ]
Error:2019/04/27 11:25:06 db.go:19: Error 1045: Access denied for user 'root'@'localhost' (using password: YES)
Error:2019/04/27 11:26:39 db.go:19: Error 1045: Access denied for user 'root'@'localhost' (using password: YES)
Error:2019/04/27 11:30:06 db.go:19: Error 1049: Unknown database 'baobaozhuan'
Error:2019/05/12 19:51:06 config.go:30: invalid character ',' looking for beginning of value
Error:2019/05/12 19:53:48 config.go:31: invalid character ',' looking for beginning of value
Error:2019/05/12 19:54:44 config.go:32: invalid character ',' looking for beginning of value
Error:2019/05/12 20:00:02 config.go:32: invalid character ',' looking for beginning of value
Error:2019/05/12 20:01:27 config.go:31: invalid character ',' looking for beginning of value
Error:2019/05/27 15:59:44 db.go:19: Error 1049: Unknown database 'baobaozhuan'
Error:2019/05/27 16:00:29 db.go:19: Error 1049: Unknown database 'baobaozhuan'
Error:2019/05/27 16:02:17 db.go:19: Error 1049: Unknown database 'baobaozhuan'
Error:2019/05/28 20:50:54 preference.go:26: Error 1064: You have an error in your SQL syntax; check the manual that corresponds to your MySQL server version for the right syntax to use near ':idx ON `preference`(user_id)' at line 1
Error:2019/05/29 10:35:59 db.go:19: Error 1045: Access denied for user 'root'@'localhost' (using password: NO)
Error:2019/05/29 10:35:59 tag.go:31: sql: database is closed
Error:2019/05/29 10:35:59 task.go:45: sql: database is closed
Error:2019/05/29 10:35:59 questionnaire.go:28: sql: database is closed
Error:2019/05/29 10:35:59 dataCollection.go:26: sql: database is closed
Error:2019/05/29 10:35:59 recruitment.go:29: sql: database is closed
Error:2019/05/31 02:45:45 db.go:18: Error 1049: Unknown database 'baobaozhuan'
Error:2019/05/31 02:45:45 ad.go:30: sql: database is closed
Error:2019/05/31 02:45:45 campus.go:34: sql: database is closed
Error:2019/05/31 02:45:45 preference.go:27: sql: database is closed
Error:2019/05/31 02:45:45 school.go:23: sql: database is closed
Error:2019/05/31 02:45:45 tag.go:31: sql: database is closed
Error:2019/05/31 02:45:45 acceptance.go:34: sql: database is closed
Error:2019/05/31 02:45:45 dataCollection.go:26: sql: database is closed
Error:2019/05/31 02:45:45 questionnaire.go:28: sql: database is closed
Error:2019/05/31 02:45:45 recruitment.go:29: sql: database is closed
Error:2019/05/31 02:45:45 task.go:46: sql: database is closed
Error:2019/05/31 02:45:45 user.go:44: sql: database is closed
Error:2019/05/31 03:13:17 getSchoolList.go:47: school list is empty
Error:2019/05/31 03:17:25 getSchoolList.go:47: school list is empty
Error:2019/05/31 03:17:58 getTagById.go:30: Error 1054: Unknown column 'tag_id' in 'where clause'
Error:2019/05/31 03:22:50 getTagById.go:43: invalid id
Error:2019/05/31 03:53:40 register.go:30: phone is registered
Error:2019/05/31 03:58:21 register.go:31: phone is registered
Error:2019/05/31 04:35:00 register.go:33: phone is registered
Error:2019/05/31 20:02:10 login.go:41: phone is unregistered
Error:2019/05/31 20:04:30 login.go:41: phone is unregistered
Error:2019/05/31 20:05:05 login.go:41: phone is unregistered
Error:2019/05/31 20:20:42 register.go:33: phone is registered
Error:2019/05/31 20:21:19 register.go:33: phone is registered
Error:2019/05/31 20:46:06 register.go:35: phone is registered
Error:2019/05/31 20:51:39 register.go:35: phone is registered
Error:2019/05/31 20:54:55 register.go:35: phone is registered
Error:2019/05/31 21:08:20 register.go:35: phone is registered
Error:2019/05/31 21:08:58 register.go:35: phone is registered
Error:2019/05/31 21:09:48 register.go:35: phone is registered
Error:2019/05/31 21:15:22 register.go:35: phone is registered
Error:2019/05/31 21:17:21 register.go:35: phone is registered
Error:2019/05/31 21:18:35 register.go:35: phone is registered
Error:2019/05/31 21:22:17 register.go:35: phone is registered
Error:2019/05/31 21:22:56 register.go:35: phone is registered
Error:2019/05/31 21:23:12 register.go:35: phone is registered
Error:2019/05/31 21:24:22 register.go:35: phone is registered
Error:2019/05/31 21:25:51 register.go:35: phone is registered
Error:2019/05/31 21:27:02 register.go:35: phone is registered
Error:2019/05/31 21:27:17 register.go:35: phone is registered
Error:2019/06/01 12:32:57 login.go:53: username or password is incorrect
Error:2019/06/01 12:34:22 login.go:41: phone is unregistered
Error:2019/06/01 12:34:29 login.go:41: phone is unregistered
Error:2019/06/01 12:37:56 logout.go:22: invalid session token
Error:2019/06/01 12:53:50 getSchoolList.go:51: school list is empty
Error:2019/06/01 12:56:08 getSchoolList.go:51: school list is empty
Error:2019/06/01 12:57:29 getSchoolList.go:51: school list is empty
Error:2019/06/01 13:02:21 getSchoolList.go:51: school list is empty
